2025-06-21 00:05:31,569 INFO ramework.boot.web.embedded.tomcat.GracefulShutdown [SpringApplicationShutdownHook] Commencing graceful shutdown. Waiting for active requests to complete
2025-06-21 00:05:31,575 INFO ramework.boot.web.embedded.tomcat.GracefulShutdown [tomcat-shutdown] Graceful shutdown complete
2025-06-21 00:05:31,577 INFO framework.orm.jpa.AbstractEntityManagerFactoryBean [SpringApplicationShutdownHook] Closing JPA EntityManagerFactory for persistence unit 'default'
2025-06-21 00:05:31,578 INFO                 com.zaxxer.hikari.HikariDataSource [SpringApplicationShutdownHook] HikariPool-1 - Shutdown initiated...
2025-06-21 00:05:31,579 INFO                 com.zaxxer.hikari.HikariDataSource [SpringApplicationShutdownHook] HikariPool-1 - Shutdown completed.
2025-06-21 00:05:33,456 INFO      org.hibernate.validator.internal.util.Version [background-preinit] HV000001: Hibernate Validator 8.0.2.Final
2025-06-21 00:05:33,484 INFO         org.springframework.boot.StartupInfoLogger [main] Starting UShortApplication using Java 23.0.2 with PID 41850 (/Users/macbookair/real-projects/u-short/target/classes started by macbookair in /Users/macbookair/real-projects/u-short)
2025-06-21 00:05:33,485 INFO         org.springframework.boot.SpringApplication [main] The following 1 profile is active: "dev"
2025-06-21 00:05:34,065 INFO .repository.config.RepositoryConfigurationDelegate [main] Bootstrapping Spring Data JPA repositories in DEFAULT mode.
2025-06-21 00:05:34,114 INFO .repository.config.RepositoryConfigurationDelegate [main] Finished Spring Data repository scanning in 43 ms. Found 1 JPA repository interface.
2025-06-21 00:05:34,360 INFO framework.boot.web.embedded.tomcat.TomcatWebServer [main] Tomcat initialized with port 8080 (http)
2025-06-21 00:05:34,366 INFO               org.apache.juli.logging.DirectJDKLog [main] Initializing ProtocolHandler ["http-nio-8080"]
2025-06-21 00:05:34,367 INFO               org.apache.juli.logging.DirectJDKLog [main] Starting service [Tomcat]
2025-06-21 00:05:34,367 INFO               org.apache.juli.logging.DirectJDKLog [main] Starting Servlet engine: [Apache Tomcat/10.1.42]
2025-06-21 00:05:34,386 INFO               org.apache.juli.logging.DirectJDKLog [main] Initializing Spring embedded WebApplicationContext
2025-06-21 00:05:34,386 INFO servlet.context.ServletWebServerApplicationContext [main] Root WebApplicationContext: initialization completed in 869 ms
2025-06-21 00:05:34,456 INFO          org.hibernate.jpa.internal.util.LogHelper [main] HHH000204: Processing PersistenceUnitInfo [name: default]
2025-06-21 00:05:34,476 INFO                              org.hibernate.Version [main] HHH000412: Hibernate ORM core version 6.6.18.Final
2025-06-21 00:05:34,488 INFO rg.hibernate.cache.internal.RegionFactoryInitiator [main] HHH000026: Second-level cache disabled
2025-06-21 00:05:34,590 INFO .orm.jpa.persistenceunit.SpringPersistenceUnitInfo [main] No LoadTimeWeaver setup: ignoring JPA class transformer
2025-06-21 00:05:34,604 INFO                 com.zaxxer.hikari.HikariDataSource [main] HikariPool-1 - Starting...
2025-06-21 00:05:34,680 INFO                  com.zaxxer.hikari.pool.HikariPool [main] HikariPool-1 - Added connection org.postgresql.jdbc.PgConnection@17a7d6c8
2025-06-21 00:05:34,680 INFO                 com.zaxxer.hikari.HikariDataSource [main] HikariPool-1 - Start completed.
2025-06-21 00:05:34,712 INFO .engine.jdbc.env.internal.JdbcEnvironmentInitiator [main] HHH10001005: Database info:
	Database JDBC URL [Connecting through datasource 'HikariDataSource (HikariPool-1)']
	Database driver: undefined/unknown
	Database version: 14.13
	Autocommit mode: undefined/unknown
	Isolation level: undefined/unknown
	Minimum pool size: undefined/unknown
	Maximum pool size: undefined/unknown
2025-06-21 00:05:35,048 INFO saction.jta.platform.internal.JtaPlatformInitiator [main] HHH000489: No JTA platform available (set 'hibernate.transaction.jta.platform' to enable JTA platform integration)
2025-06-21 00:05:35,077 INFO framework.orm.jpa.AbstractEntityManagerFactoryBean [main] Initialized JPA EntityManagerFactory for persistence unit 'default'
2025-06-21 00:05:35,258 INFO utoconfigure.web.servlet.WelcomePageHandlerMapping [main] Adding welcome page template: index
2025-06-21 00:05:35,449 INFO               org.apache.juli.logging.DirectJDKLog [main] Starting ProtocolHandler ["http-nio-8080"]
2025-06-21 00:05:35,458 INFO framework.boot.web.embedded.tomcat.TomcatWebServer [main] Tomcat started on port 8080 (http) with context path '/'
2025-06-21 00:05:35,464 INFO         org.springframework.boot.StartupInfoLogger [main] Started UShortApplication in 2.371 seconds (process running for 3.033)
2025-06-21 00:06:21,071 INFO               org.apache.juli.logging.DirectJDKLog [http-nio-8080-exec-1] Initializing Spring DispatcherServlet 'dispatcherServlet'
2025-06-21 00:06:21,072 INFO   org.springframework.web.servlet.FrameworkServlet [http-nio-8080-exec-1] Initializing Servlet 'dispatcherServlet'
2025-06-21 00:06:21,073 INFO   org.springframework.web.servlet.FrameworkServlet [http-nio-8080-exec-1] Completed initialization in 1 ms
2025-06-21 00:07:57,950 INFO ramework.boot.web.embedded.tomcat.GracefulShutdown [SpringApplicationShutdownHook] Commencing graceful shutdown. Waiting for active requests to complete
2025-06-21 00:07:57,955 INFO ramework.boot.web.embedded.tomcat.GracefulShutdown [tomcat-shutdown] Graceful shutdown complete
2025-06-21 00:07:57,958 INFO framework.orm.jpa.AbstractEntityManagerFactoryBean [SpringApplicationShutdownHook] Closing JPA EntityManagerFactory for persistence unit 'default'
2025-06-21 00:07:57,959 INFO                 com.zaxxer.hikari.HikariDataSource [SpringApplicationShutdownHook] HikariPool-1 - Shutdown initiated...
2025-06-21 00:07:57,960 INFO                 com.zaxxer.hikari.HikariDataSource [SpringApplicationShutdownHook] HikariPool-1 - Shutdown completed.
2025-06-21 00:16:02,834 INFO      org.hibernate.validator.internal.util.Version [background-preinit] HV000001: Hibernate Validator 8.0.2.Final
2025-06-21 00:16:02,853 INFO         org.springframework.boot.StartupInfoLogger [main] Starting UShortApplication using Java 23.0.2 with PID 44348 (/Users/macbookair/real-projects/u-short/target/classes started by macbookair in /Users/macbookair/real-projects/u-short)
2025-06-21 00:16:02,854 INFO         org.springframework.boot.SpringApplication [main] The following 1 profile is active: "dev"
2025-06-21 00:16:03,118 INFO .repository.config.RepositoryConfigurationDelegate [main] Bootstrapping Spring Data JPA repositories in DEFAULT mode.
2025-06-21 00:16:03,137 INFO .repository.config.RepositoryConfigurationDelegate [main] Finished Spring Data repository scanning in 14 ms. Found 1 JPA repository interface.
2025-06-21 00:16:03,321 INFO framework.boot.web.embedded.tomcat.TomcatWebServer [main] Tomcat initialized with port 8080 (http)
2025-06-21 00:16:03,327 INFO               org.apache.juli.logging.DirectJDKLog [main] Initializing ProtocolHandler ["http-nio-8080"]
2025-06-21 00:16:03,328 INFO               org.apache.juli.logging.DirectJDKLog [main] Starting service [Tomcat]
2025-06-21 00:16:03,328 INFO               org.apache.juli.logging.DirectJDKLog [main] Starting Servlet engine: [Apache Tomcat/10.1.42]
2025-06-21 00:16:03,348 INFO               org.apache.juli.logging.DirectJDKLog [main] Initializing Spring embedded WebApplicationContext
2025-06-21 00:16:03,349 INFO servlet.context.ServletWebServerApplicationContext [main] Root WebApplicationContext: initialization completed in 476 ms
2025-06-21 00:16:03,420 INFO          org.hibernate.jpa.internal.util.LogHelper [main] HHH000204: Processing PersistenceUnitInfo [name: default]
2025-06-21 00:16:03,439 INFO                              org.hibernate.Version [main] HHH000412: Hibernate ORM core version 6.6.18.Final
2025-06-21 00:16:03,450 INFO rg.hibernate.cache.internal.RegionFactoryInitiator [main] HHH000026: Second-level cache disabled
2025-06-21 00:16:03,545 INFO .orm.jpa.persistenceunit.SpringPersistenceUnitInfo [main] No LoadTimeWeaver setup: ignoring JPA class transformer
2025-06-21 00:16:03,556 INFO                 com.zaxxer.hikari.HikariDataSource [main] HikariPool-1 - Starting...
2025-06-21 00:16:03,623 INFO                  com.zaxxer.hikari.pool.HikariPool [main] HikariPool-1 - Added connection org.postgresql.jdbc.PgConnection@d677be9
2025-06-21 00:16:03,624 INFO                 com.zaxxer.hikari.HikariDataSource [main] HikariPool-1 - Start completed.
2025-06-21 00:16:03,657 INFO .engine.jdbc.env.internal.JdbcEnvironmentInitiator [main] HHH10001005: Database info:
	Database JDBC URL [Connecting through datasource 'HikariDataSource (HikariPool-1)']
	Database driver: undefined/unknown
	Database version: 14.13
	Autocommit mode: undefined/unknown
	Isolation level: undefined/unknown
	Minimum pool size: undefined/unknown
	Maximum pool size: undefined/unknown
2025-06-21 00:16:03,966 INFO saction.jta.platform.internal.JtaPlatformInitiator [main] HHH000489: No JTA platform available (set 'hibernate.transaction.jta.platform' to enable JTA platform integration)
2025-06-21 00:16:03,994 INFO framework.orm.jpa.AbstractEntityManagerFactoryBean [main] Initialized JPA EntityManagerFactory for persistence unit 'default'
2025-06-21 00:16:04,164 INFO utoconfigure.web.servlet.WelcomePageHandlerMapping [main] Adding welcome page template: index
2025-06-21 00:16:04,349 INFO               org.apache.juli.logging.DirectJDKLog [main] Starting ProtocolHandler ["http-nio-8080"]
2025-06-21 00:16:04,357 INFO framework.boot.web.embedded.tomcat.TomcatWebServer [main] Tomcat started on port 8080 (http) with context path '/'
2025-06-21 00:16:04,362 INFO         org.springframework.boot.StartupInfoLogger [main] Started UShortApplication in 1.716 seconds (process running for 2.176)
2025-06-21 00:16:08,122 INFO               org.apache.juli.logging.DirectJDKLog [http-nio-8080-exec-1] Initializing Spring DispatcherServlet 'dispatcherServlet'
2025-06-21 00:16:08,122 INFO   org.springframework.web.servlet.FrameworkServlet [http-nio-8080-exec-1] Initializing Servlet 'dispatcherServlet'
2025-06-21 00:16:08,123 INFO   org.springframework.web.servlet.FrameworkServlet [http-nio-8080-exec-1] Completed initialization in 1 ms
2025-06-21 00:21:17,349 INFO ramework.boot.web.embedded.tomcat.GracefulShutdown [SpringApplicationShutdownHook] Commencing graceful shutdown. Waiting for active requests to complete
2025-06-21 00:21:17,354 INFO ramework.boot.web.embedded.tomcat.GracefulShutdown [tomcat-shutdown] Graceful shutdown complete
2025-06-21 00:21:17,356 INFO framework.orm.jpa.AbstractEntityManagerFactoryBean [SpringApplicationShutdownHook] Closing JPA EntityManagerFactory for persistence unit 'default'
2025-06-21 00:21:17,358 INFO                 com.zaxxer.hikari.HikariDataSource [SpringApplicationShutdownHook] HikariPool-1 - Shutdown initiated...
2025-06-21 00:21:17,359 INFO                 com.zaxxer.hikari.HikariDataSource [SpringApplicationShutdownHook] HikariPool-1 - Shutdown completed.
2025-06-21 00:21:19,139 INFO      org.hibernate.validator.internal.util.Version [background-preinit] HV000001: Hibernate Validator 8.0.2.Final
2025-06-21 00:21:19,185 INFO         org.springframework.boot.StartupInfoLogger [main] Starting UShortApplication using Java 23.0.2 with PID 45599 (/Users/macbookair/real-projects/u-short/target/classes started by macbookair in /Users/macbookair/real-projects/u-short)
2025-06-21 00:21:19,227 INFO         org.springframework.boot.SpringApplication [main] The following 1 profile is active: "dev"
2025-06-21 00:21:19,645 INFO .repository.config.RepositoryConfigurationDelegate [main] Bootstrapping Spring Data JPA repositories in DEFAULT mode.
2025-06-21 00:21:19,666 INFO .repository.config.RepositoryConfigurationDelegate [main] Finished Spring Data repository scanning in 17 ms. Found 1 JPA repository interface.
2025-06-21 00:21:19,892 INFO framework.boot.web.embedded.tomcat.TomcatWebServer [main] Tomcat initialized with port 8080 (http)
2025-06-21 00:21:19,898 INFO               org.apache.juli.logging.DirectJDKLog [main] Initializing ProtocolHandler ["http-nio-8080"]
2025-06-21 00:21:19,898 INFO               org.apache.juli.logging.DirectJDKLog [main] Starting service [Tomcat]
2025-06-21 00:21:19,898 INFO               org.apache.juli.logging.DirectJDKLog [main] Starting Servlet engine: [Apache Tomcat/10.1.42]
2025-06-21 00:21:19,918 INFO               org.apache.juli.logging.DirectJDKLog [main] Initializing Spring embedded WebApplicationContext
2025-06-21 00:21:19,918 INFO servlet.context.ServletWebServerApplicationContext [main] Root WebApplicationContext: initialization completed in 645 ms
2025-06-21 00:21:19,991 INFO          org.hibernate.jpa.internal.util.LogHelper [main] HHH000204: Processing PersistenceUnitInfo [name: default]
2025-06-21 00:21:20,012 INFO                              org.hibernate.Version [main] HHH000412: Hibernate ORM core version 6.6.18.Final
2025-06-21 00:21:20,024 INFO rg.hibernate.cache.internal.RegionFactoryInitiator [main] HHH000026: Second-level cache disabled
2025-06-21 00:21:20,129 INFO .orm.jpa.persistenceunit.SpringPersistenceUnitInfo [main] No LoadTimeWeaver setup: ignoring JPA class transformer
2025-06-21 00:21:20,142 INFO                 com.zaxxer.hikari.HikariDataSource [main] HikariPool-1 - Starting...
2025-06-21 00:21:20,206 INFO                  com.zaxxer.hikari.pool.HikariPool [main] HikariPool-1 - Added connection org.postgresql.jdbc.PgConnection@669580e2
2025-06-21 00:21:20,207 INFO                 com.zaxxer.hikari.HikariDataSource [main] HikariPool-1 - Start completed.
2025-06-21 00:21:20,241 INFO .engine.jdbc.env.internal.JdbcEnvironmentInitiator [main] HHH10001005: Database info:
	Database JDBC URL [Connecting through datasource 'HikariDataSource (HikariPool-1)']
	Database driver: undefined/unknown
	Database version: 14.13
	Autocommit mode: undefined/unknown
	Isolation level: undefined/unknown
	Minimum pool size: undefined/unknown
	Maximum pool size: undefined/unknown
2025-06-21 00:21:20,557 INFO saction.jta.platform.internal.JtaPlatformInitiator [main] HHH000489: No JTA platform available (set 'hibernate.transaction.jta.platform' to enable JTA platform integration)
2025-06-21 00:21:20,587 INFO framework.orm.jpa.AbstractEntityManagerFactoryBean [main] Initialized JPA EntityManagerFactory for persistence unit 'default'
2025-06-21 00:21:20,774 INFO utoconfigure.web.servlet.WelcomePageHandlerMapping [main] Adding welcome page template: index
2025-06-21 00:21:20,966 INFO               org.apache.juli.logging.DirectJDKLog [main] Starting ProtocolHandler ["http-nio-8080"]
2025-06-21 00:21:20,975 INFO framework.boot.web.embedded.tomcat.TomcatWebServer [main] Tomcat started on port 8080 (http) with context path '/'
2025-06-21 00:21:20,981 INFO         org.springframework.boot.StartupInfoLogger [main] Started UShortApplication in 2.362 seconds (process running for 2.931)
2025-06-21 00:21:25,497 INFO               org.apache.juli.logging.DirectJDKLog [http-nio-8080-exec-1] Initializing Spring DispatcherServlet 'dispatcherServlet'
2025-06-21 00:21:25,497 INFO   org.springframework.web.servlet.FrameworkServlet [http-nio-8080-exec-1] Initializing Servlet 'dispatcherServlet'
2025-06-21 00:21:25,498 INFO   org.springframework.web.servlet.FrameworkServlet [http-nio-8080-exec-1] Completed initialization in 1 ms
2025-06-21 00:27:21,567 INFO ramework.boot.web.embedded.tomcat.GracefulShutdown [SpringApplicationShutdownHook] Commencing graceful shutdown. Waiting for active requests to complete
2025-06-21 00:27:21,573 INFO ramework.boot.web.embedded.tomcat.GracefulShutdown [tomcat-shutdown] Graceful shutdown complete
2025-06-21 00:27:21,575 INFO framework.orm.jpa.AbstractEntityManagerFactoryBean [SpringApplicationShutdownHook] Closing JPA EntityManagerFactory for persistence unit 'default'
2025-06-21 00:27:21,576 INFO                 com.zaxxer.hikari.HikariDataSource [SpringApplicationShutdownHook] HikariPool-1 - Shutdown initiated...
2025-06-21 00:27:21,577 INFO                 com.zaxxer.hikari.HikariDataSource [SpringApplicationShutdownHook] HikariPool-1 - Shutdown completed.
2025-06-21 00:27:23,429 INFO      org.hibernate.validator.internal.util.Version [background-preinit] HV000001: Hibernate Validator 8.0.2.Final
2025-06-21 00:27:23,475 INFO         org.springframework.boot.StartupInfoLogger [main] Starting UShortApplication using Java 23.0.2 with PID 47061 (/Users/macbookair/real-projects/u-short/target/classes started by macbookair in /Users/macbookair/real-projects/u-short)
2025-06-21 00:27:23,477 INFO         org.springframework.boot.SpringApplication [main] The following 1 profile is active: "dev"
2025-06-21 00:27:24,033 INFO .repository.config.RepositoryConfigurationDelegate [main] Bootstrapping Spring Data JPA repositories in DEFAULT mode.
2025-06-21 00:27:24,053 INFO .repository.config.RepositoryConfigurationDelegate [main] Finished Spring Data repository scanning in 16 ms. Found 1 JPA repository interface.
2025-06-21 00:27:24,257 INFO framework.boot.web.embedded.tomcat.TomcatWebServer [main] Tomcat initialized with port 8080 (http)
2025-06-21 00:27:24,263 INFO               org.apache.juli.logging.DirectJDKLog [main] Initializing ProtocolHandler ["http-nio-8080"]
2025-06-21 00:27:24,264 INFO               org.apache.juli.logging.DirectJDKLog [main] Starting service [Tomcat]
2025-06-21 00:27:24,264 INFO               org.apache.juli.logging.DirectJDKLog [main] Starting Servlet engine: [Apache Tomcat/10.1.42]
2025-06-21 00:27:24,284 INFO               org.apache.juli.logging.DirectJDKLog [main] Initializing Spring embedded WebApplicationContext
2025-06-21 00:27:24,284 INFO servlet.context.ServletWebServerApplicationContext [main] Root WebApplicationContext: initialization completed in 758 ms
2025-06-21 00:27:24,357 INFO          org.hibernate.jpa.internal.util.LogHelper [main] HHH000204: Processing PersistenceUnitInfo [name: default]
2025-06-21 00:27:24,377 INFO                              org.hibernate.Version [main] HHH000412: Hibernate ORM core version 6.6.18.Final
2025-06-21 00:27:24,389 INFO rg.hibernate.cache.internal.RegionFactoryInitiator [main] HHH000026: Second-level cache disabled
2025-06-21 00:27:24,490 INFO .orm.jpa.persistenceunit.SpringPersistenceUnitInfo [main] No LoadTimeWeaver setup: ignoring JPA class transformer
2025-06-21 00:27:24,508 INFO                 com.zaxxer.hikari.HikariDataSource [main] HikariPool-1 - Starting...
2025-06-21 00:27:24,577 INFO                  com.zaxxer.hikari.pool.HikariPool [main] HikariPool-1 - Added connection org.postgresql.jdbc.PgConnection@33568e26
2025-06-21 00:27:24,577 INFO                 com.zaxxer.hikari.HikariDataSource [main] HikariPool-1 - Start completed.
2025-06-21 00:27:24,610 INFO .engine.jdbc.env.internal.JdbcEnvironmentInitiator [main] HHH10001005: Database info:
	Database JDBC URL [Connecting through datasource 'HikariDataSource (HikariPool-1)']
	Database driver: undefined/unknown
	Database version: 14.13
	Autocommit mode: undefined/unknown
	Isolation level: undefined/unknown
	Minimum pool size: undefined/unknown
	Maximum pool size: undefined/unknown
2025-06-21 00:27:24,946 INFO saction.jta.platform.internal.JtaPlatformInitiator [main] HHH000489: No JTA platform available (set 'hibernate.transaction.jta.platform' to enable JTA platform integration)
2025-06-21 00:27:24,973 INFO framework.orm.jpa.AbstractEntityManagerFactoryBean [main] Initialized JPA EntityManagerFactory for persistence unit 'default'
2025-06-21 00:27:25,153 INFO utoconfigure.web.servlet.WelcomePageHandlerMapping [main] Adding welcome page template: index
2025-06-21 00:27:25,348 INFO               org.apache.juli.logging.DirectJDKLog [main] Starting ProtocolHandler ["http-nio-8080"]
2025-06-21 00:27:25,356 INFO framework.boot.web.embedded.tomcat.TomcatWebServer [main] Tomcat started on port 8080 (http) with context path '/'
2025-06-21 00:27:25,362 INFO         org.springframework.boot.StartupInfoLogger [main] Started UShortApplication in 2.522 seconds (process running for 3.105)
2025-06-21 00:27:42,700 INFO               org.apache.juli.logging.DirectJDKLog [http-nio-8080-exec-1] Initializing Spring DispatcherServlet 'dispatcherServlet'
2025-06-21 00:27:42,701 INFO   org.springframework.web.servlet.FrameworkServlet [http-nio-8080-exec-1] Initializing Servlet 'dispatcherServlet'
2025-06-21 00:27:42,702 INFO   org.springframework.web.servlet.FrameworkServlet [http-nio-8080-exec-1] Completed initialization in 1 ms
2025-06-21 00:29:37,740 INFO ramework.boot.web.embedded.tomcat.GracefulShutdown [SpringApplicationShutdownHook] Commencing graceful shutdown. Waiting for active requests to complete
2025-06-21 00:29:37,744 INFO ramework.boot.web.embedded.tomcat.GracefulShutdown [tomcat-shutdown] Graceful shutdown complete
2025-06-21 00:29:37,746 INFO framework.orm.jpa.AbstractEntityManagerFactoryBean [SpringApplicationShutdownHook] Closing JPA EntityManagerFactory for persistence unit 'default'
2025-06-21 00:29:37,747 INFO                 com.zaxxer.hikari.HikariDataSource [SpringApplicationShutdownHook] HikariPool-1 - Shutdown initiated...
2025-06-21 00:29:37,748 INFO                 com.zaxxer.hikari.HikariDataSource [SpringApplicationShutdownHook] HikariPool-1 - Shutdown completed.
2025-06-21 00:29:39,435 INFO      org.hibernate.validator.internal.util.Version [background-preinit] HV000001: Hibernate Validator 8.0.2.Final
2025-06-21 00:29:39,486 INFO         org.springframework.boot.StartupInfoLogger [main] Starting UShortApplication using Java 23.0.2 with PID 47614 (/Users/macbookair/real-projects/u-short/target/classes started by macbookair in /Users/macbookair/real-projects/u-short)
2025-06-21 00:29:39,487 INFO         org.springframework.boot.SpringApplication [main] The following 1 profile is active: "dev"
2025-06-21 00:29:39,956 INFO .repository.config.RepositoryConfigurationDelegate [main] Bootstrapping Spring Data JPA repositories in DEFAULT mode.
2025-06-21 00:29:39,977 INFO .repository.config.RepositoryConfigurationDelegate [main] Finished Spring Data repository scanning in 17 ms. Found 1 JPA repository interface.
2025-06-21 00:29:40,163 INFO framework.boot.web.embedded.tomcat.TomcatWebServer [main] Tomcat initialized with port 8080 (http)
2025-06-21 00:29:40,169 INFO               org.apache.juli.logging.DirectJDKLog [main] Initializing ProtocolHandler ["http-nio-8080"]
2025-06-21 00:29:40,170 INFO               org.apache.juli.logging.DirectJDKLog [main] Starting service [Tomcat]
2025-06-21 00:29:40,170 INFO               org.apache.juli.logging.DirectJDKLog [main] Starting Servlet engine: [Apache Tomcat/10.1.42]
2025-06-21 00:29:40,190 INFO               org.apache.juli.logging.DirectJDKLog [main] Initializing Spring embedded WebApplicationContext
2025-06-21 00:29:40,190 INFO servlet.context.ServletWebServerApplicationContext [main] Root WebApplicationContext: initialization completed in 660 ms
2025-06-21 00:29:40,255 INFO          org.hibernate.jpa.internal.util.LogHelper [main] HHH000204: Processing PersistenceUnitInfo [name: default]
2025-06-21 00:29:40,278 INFO                              org.hibernate.Version [main] HHH000412: Hibernate ORM core version 6.6.18.Final
2025-06-21 00:29:40,291 INFO rg.hibernate.cache.internal.RegionFactoryInitiator [main] HHH000026: Second-level cache disabled
2025-06-21 00:29:40,392 INFO .orm.jpa.persistenceunit.SpringPersistenceUnitInfo [main] No LoadTimeWeaver setup: ignoring JPA class transformer
2025-06-21 00:29:40,405 INFO                 com.zaxxer.hikari.HikariDataSource [main] HikariPool-1 - Starting...
2025-06-21 00:29:40,471 INFO                  com.zaxxer.hikari.pool.HikariPool [main] HikariPool-1 - Added connection org.postgresql.jdbc.PgConnection@24010875
2025-06-21 00:29:40,472 INFO                 com.zaxxer.hikari.HikariDataSource [main] HikariPool-1 - Start completed.
2025-06-21 00:29:40,508 INFO .engine.jdbc.env.internal.JdbcEnvironmentInitiator [main] HHH10001005: Database info:
	Database JDBC URL [Connecting through datasource 'HikariDataSource (HikariPool-1)']
	Database driver: undefined/unknown
	Database version: 14.13
	Autocommit mode: undefined/unknown
	Isolation level: undefined/unknown
	Minimum pool size: undefined/unknown
	Maximum pool size: undefined/unknown
2025-06-21 00:29:40,832 INFO saction.jta.platform.internal.JtaPlatformInitiator [main] HHH000489: No JTA platform available (set 'hibernate.transaction.jta.platform' to enable JTA platform integration)
2025-06-21 00:29:40,862 INFO framework.orm.jpa.AbstractEntityManagerFactoryBean [main] Initialized JPA EntityManagerFactory for persistence unit 'default'
2025-06-21 00:29:41,035 INFO utoconfigure.web.servlet.WelcomePageHandlerMapping [main] Adding welcome page template: index
2025-06-21 00:29:41,220 INFO               org.apache.juli.logging.DirectJDKLog [main] Starting ProtocolHandler ["http-nio-8080"]
2025-06-21 00:29:41,228 INFO framework.boot.web.embedded.tomcat.TomcatWebServer [main] Tomcat started on port 8080 (http) with context path '/'
2025-06-21 00:29:41,233 INFO         org.springframework.boot.StartupInfoLogger [main] Started UShortApplication in 2.246 seconds (process running for 2.768)
2025-06-21 00:29:45,366 INFO               org.apache.juli.logging.DirectJDKLog [http-nio-8080-exec-1] Initializing Spring DispatcherServlet 'dispatcherServlet'
2025-06-21 00:29:45,367 INFO   org.springframework.web.servlet.FrameworkServlet [http-nio-8080-exec-1] Initializing Servlet 'dispatcherServlet'
2025-06-21 00:29:45,368 INFO   org.springframework.web.servlet.FrameworkServlet [http-nio-8080-exec-1] Completed initialization in 1 ms
2025-06-21 00:31:55,388 INFO ramework.boot.web.embedded.tomcat.GracefulShutdown [SpringApplicationShutdownHook] Commencing graceful shutdown. Waiting for active requests to complete
2025-06-21 00:31:55,392 INFO ramework.boot.web.embedded.tomcat.GracefulShutdown [tomcat-shutdown] Graceful shutdown complete
2025-06-21 00:31:55,393 INFO framework.orm.jpa.AbstractEntityManagerFactoryBean [SpringApplicationShutdownHook] Closing JPA EntityManagerFactory for persistence unit 'default'
2025-06-21 00:31:55,394 INFO                 com.zaxxer.hikari.HikariDataSource [SpringApplicationShutdownHook] HikariPool-1 - Shutdown initiated...
2025-06-21 00:31:55,395 INFO                 com.zaxxer.hikari.HikariDataSource [SpringApplicationShutdownHook] HikariPool-1 - Shutdown completed.
2025-06-21 00:31:57,321 INFO      org.hibernate.validator.internal.util.Version [background-preinit] HV000001: Hibernate Validator 8.0.2.Final
2025-06-21 00:31:57,422 INFO         org.springframework.boot.StartupInfoLogger [main] Starting UShortApplication using Java 23.0.2 with PID 48155 (/Users/macbookair/real-projects/u-short/target/classes started by macbookair in /Users/macbookair/real-projects/u-short)
2025-06-21 00:31:57,423 INFO         org.springframework.boot.SpringApplication [main] The following 1 profile is active: "dev"
2025-06-21 00:31:58,020 INFO .repository.config.RepositoryConfigurationDelegate [main] Bootstrapping Spring Data JPA repositories in DEFAULT mode.
2025-06-21 00:31:58,043 INFO .repository.config.RepositoryConfigurationDelegate [main] Finished Spring Data repository scanning in 18 ms. Found 1 JPA repository interface.
2025-06-21 00:31:58,244 INFO framework.boot.web.embedded.tomcat.TomcatWebServer [main] Tomcat initialized with port 8080 (http)
2025-06-21 00:31:58,250 INFO               org.apache.juli.logging.DirectJDKLog [main] Initializing ProtocolHandler ["http-nio-8080"]
2025-06-21 00:31:58,250 INFO               org.apache.juli.logging.DirectJDKLog [main] Starting service [Tomcat]
2025-06-21 00:31:58,250 INFO               org.apache.juli.logging.DirectJDKLog [main] Starting Servlet engine: [Apache Tomcat/10.1.42]
2025-06-21 00:31:58,269 INFO               org.apache.juli.logging.DirectJDKLog [main] Initializing Spring embedded WebApplicationContext
2025-06-21 00:31:58,269 INFO servlet.context.ServletWebServerApplicationContext [main] Root WebApplicationContext: initialization completed in 692 ms
2025-06-21 00:31:58,332 INFO          org.hibernate.jpa.internal.util.LogHelper [main] HHH000204: Processing PersistenceUnitInfo [name: default]
2025-06-21 00:31:58,348 INFO                              org.hibernate.Version [main] HHH000412: Hibernate ORM core version 6.6.18.Final
2025-06-21 00:31:58,359 INFO rg.hibernate.cache.internal.RegionFactoryInitiator [main] HHH000026: Second-level cache disabled
2025-06-21 00:31:58,457 INFO .orm.jpa.persistenceunit.SpringPersistenceUnitInfo [main] No LoadTimeWeaver setup: ignoring JPA class transformer
2025-06-21 00:31:58,469 INFO                 com.zaxxer.hikari.HikariDataSource [main] HikariPool-1 - Starting...
2025-06-21 00:31:58,542 INFO                  com.zaxxer.hikari.pool.HikariPool [main] HikariPool-1 - Added connection org.postgresql.jdbc.PgConnection@1c459c28
2025-06-21 00:31:58,542 INFO                 com.zaxxer.hikari.HikariDataSource [main] HikariPool-1 - Start completed.
2025-06-21 00:31:58,575 INFO .engine.jdbc.env.internal.JdbcEnvironmentInitiator [main] HHH10001005: Database info:
	Database JDBC URL [Connecting through datasource 'HikariDataSource (HikariPool-1)']
	Database driver: undefined/unknown
	Database version: 14.13
	Autocommit mode: undefined/unknown
	Isolation level: undefined/unknown
	Minimum pool size: undefined/unknown
	Maximum pool size: undefined/unknown
2025-06-21 00:31:58,910 INFO saction.jta.platform.internal.JtaPlatformInitiator [main] HHH000489: No JTA platform available (set 'hibernate.transaction.jta.platform' to enable JTA platform integration)
2025-06-21 00:31:58,931 INFO framework.orm.jpa.AbstractEntityManagerFactoryBean [main] Initialized JPA EntityManagerFactory for persistence unit 'default'
2025-06-21 00:31:59,117 INFO utoconfigure.web.servlet.WelcomePageHandlerMapping [main] Adding welcome page template: index
2025-06-21 00:31:59,311 INFO               org.apache.juli.logging.DirectJDKLog [main] Starting ProtocolHandler ["http-nio-8080"]
2025-06-21 00:31:59,319 INFO framework.boot.web.embedded.tomcat.TomcatWebServer [main] Tomcat started on port 8080 (http) with context path '/'
2025-06-21 00:31:59,325 INFO         org.springframework.boot.StartupInfoLogger [main] Started UShortApplication in 2.45 seconds (process running for 2.946)
2025-06-21 00:31:59,504 INFO               org.apache.juli.logging.DirectJDKLog [http-nio-8080-exec-1] Initializing Spring DispatcherServlet 'dispatcherServlet'
2025-06-21 00:31:59,505 INFO   org.springframework.web.servlet.FrameworkServlet [http-nio-8080-exec-1] Initializing Servlet 'dispatcherServlet'
2025-06-21 00:31:59,505 INFO   org.springframework.web.servlet.FrameworkServlet [http-nio-8080-exec-1] Completed initialization in 0 ms
2025-06-21 00:45:43,136 INFO ramework.boot.web.embedded.tomcat.GracefulShutdown [SpringApplicationShutdownHook] Commencing graceful shutdown. Waiting for active requests to complete
2025-06-21 00:45:43,141 INFO ramework.boot.web.embedded.tomcat.GracefulShutdown [tomcat-shutdown] Graceful shutdown complete
2025-06-21 00:45:43,143 INFO framework.orm.jpa.AbstractEntityManagerFactoryBean [SpringApplicationShutdownHook] Closing JPA EntityManagerFactory for persistence unit 'default'
2025-06-21 00:45:43,144 INFO                 com.zaxxer.hikari.HikariDataSource [SpringApplicationShutdownHook] HikariPool-1 - Shutdown initiated...
2025-06-21 00:45:43,145 INFO                 com.zaxxer.hikari.HikariDataSource [SpringApplicationShutdownHook] HikariPool-1 - Shutdown completed.
2025-06-21 00:45:44,551 INFO      org.hibernate.validator.internal.util.Version [background-preinit] HV000001: Hibernate Validator 8.0.2.Final
2025-06-21 00:45:44,570 INFO         org.springframework.boot.StartupInfoLogger [main] Starting UShortApplication using Java 23.0.2 with PID 51413 (/Users/macbookair/real-projects/u-short/target/classes started by macbookair in /Users/macbookair/real-projects/u-short)
2025-06-21 00:45:44,571 INFO         org.springframework.boot.SpringApplication [main] The following 1 profile is active: "dev"
2025-06-21 00:45:44,849 INFO .repository.config.RepositoryConfigurationDelegate [main] Bootstrapping Spring Data JPA repositories in DEFAULT mode.
2025-06-21 00:45:44,867 INFO .repository.config.RepositoryConfigurationDelegate [main] Finished Spring Data repository scanning in 15 ms. Found 1 JPA repository interface.
2025-06-21 00:45:45,057 INFO framework.boot.web.embedded.tomcat.TomcatWebServer [main] Tomcat initialized with port 8080 (http)
2025-06-21 00:45:45,063 INFO               org.apache.juli.logging.DirectJDKLog [main] Initializing ProtocolHandler ["http-nio-8080"]
2025-06-21 00:45:45,064 INFO               org.apache.juli.logging.DirectJDKLog [main] Starting service [Tomcat]
2025-06-21 00:45:45,064 INFO               org.apache.juli.logging.DirectJDKLog [main] Starting Servlet engine: [Apache Tomcat/10.1.42]
2025-06-21 00:45:45,083 INFO               org.apache.juli.logging.DirectJDKLog [main] Initializing Spring embedded WebApplicationContext
2025-06-21 00:45:45,083 INFO servlet.context.ServletWebServerApplicationContext [main] Root WebApplicationContext: initialization completed in 494 ms
2025-06-21 00:45:45,150 INFO          org.hibernate.jpa.internal.util.LogHelper [main] HHH000204: Processing PersistenceUnitInfo [name: default]
2025-06-21 00:45:45,167 INFO                              org.hibernate.Version [main] HHH000412: Hibernate ORM core version 6.6.18.Final
2025-06-21 00:45:45,178 INFO rg.hibernate.cache.internal.RegionFactoryInitiator [main] HHH000026: Second-level cache disabled
2025-06-21 00:45:45,272 INFO .orm.jpa.persistenceunit.SpringPersistenceUnitInfo [main] No LoadTimeWeaver setup: ignoring JPA class transformer
2025-06-21 00:45:45,285 INFO                 com.zaxxer.hikari.HikariDataSource [main] HikariPool-1 - Starting...
2025-06-21 00:45:45,350 INFO                  com.zaxxer.hikari.pool.HikariPool [main] HikariPool-1 - Added connection org.postgresql.jdbc.PgConnection@c1f0c7b
2025-06-21 00:45:45,350 INFO                 com.zaxxer.hikari.HikariDataSource [main] HikariPool-1 - Start completed.
2025-06-21 00:45:45,382 INFO .engine.jdbc.env.internal.JdbcEnvironmentInitiator [main] HHH10001005: Database info:
	Database JDBC URL [Connecting through datasource 'HikariDataSource (HikariPool-1)']
	Database driver: undefined/unknown
	Database version: 14.13
	Autocommit mode: undefined/unknown
	Isolation level: undefined/unknown
	Minimum pool size: undefined/unknown
	Maximum pool size: undefined/unknown
2025-06-21 00:45:45,689 INFO saction.jta.platform.internal.JtaPlatformInitiator [main] HHH000489: No JTA platform available (set 'hibernate.transaction.jta.platform' to enable JTA platform integration)
2025-06-21 00:45:45,720 INFO framework.orm.jpa.AbstractEntityManagerFactoryBean [main] Initialized JPA EntityManagerFactory for persistence unit 'default'
2025-06-21 00:45:45,888 INFO utoconfigure.web.servlet.WelcomePageHandlerMapping [main] Adding welcome page template: index
2025-06-21 00:45:46,097 INFO               org.apache.juli.logging.DirectJDKLog [main] Starting ProtocolHandler ["http-nio-8080"]
2025-06-21 00:45:46,105 INFO framework.boot.web.embedded.tomcat.TomcatWebServer [main] Tomcat started on port 8080 (http) with context path '/'
2025-06-21 00:45:46,110 INFO         org.springframework.boot.StartupInfoLogger [main] Started UShortApplication in 1.755 seconds (process running for 2.21)
2025-06-21 00:46:04,475 INFO               org.apache.juli.logging.DirectJDKLog [http-nio-8080-exec-1] Initializing Spring DispatcherServlet 'dispatcherServlet'
2025-06-21 00:46:04,475 INFO   org.springframework.web.servlet.FrameworkServlet [http-nio-8080-exec-1] Initializing Servlet 'dispatcherServlet'
2025-06-21 00:46:04,476 INFO   org.springframework.web.servlet.FrameworkServlet [http-nio-8080-exec-1] Completed initialization in 1 ms
2025-06-21 00:46:38,298 INFO ramework.boot.web.embedded.tomcat.GracefulShutdown [SpringApplicationShutdownHook] Commencing graceful shutdown. Waiting for active requests to complete
2025-06-21 00:46:38,302 INFO ramework.boot.web.embedded.tomcat.GracefulShutdown [tomcat-shutdown] Graceful shutdown complete
2025-06-21 00:46:38,304 INFO framework.orm.jpa.AbstractEntityManagerFactoryBean [SpringApplicationShutdownHook] Closing JPA EntityManagerFactory for persistence unit 'default'
2025-06-21 00:46:38,304 INFO                 com.zaxxer.hikari.HikariDataSource [SpringApplicationShutdownHook] HikariPool-1 - Shutdown initiated...
2025-06-21 00:46:38,305 INFO                 com.zaxxer.hikari.HikariDataSource [SpringApplicationShutdownHook] HikariPool-1 - Shutdown completed.
2025-06-21 00:46:39,935 INFO      org.hibernate.validator.internal.util.Version [background-preinit] HV000001: Hibernate Validator 8.0.2.Final
2025-06-21 00:46:39,976 INFO         org.springframework.boot.StartupInfoLogger [main] Starting UShortApplication using Java 23.0.2 with PID 51645 (/Users/macbookair/real-projects/u-short/target/classes started by macbookair in /Users/macbookair/real-projects/u-short)
2025-06-21 00:46:39,977 INFO         org.springframework.boot.SpringApplication [main] The following 1 profile is active: "dev"
2025-06-21 00:46:40,463 INFO .repository.config.RepositoryConfigurationDelegate [main] Bootstrapping Spring Data JPA repositories in DEFAULT mode.
2025-06-21 00:46:40,484 INFO .repository.config.RepositoryConfigurationDelegate [main] Finished Spring Data repository scanning in 17 ms. Found 1 JPA repository interface.
2025-06-21 00:46:40,671 INFO framework.boot.web.embedded.tomcat.TomcatWebServer [main] Tomcat initialized with port 8080 (http)
2025-06-21 00:46:40,677 INFO               org.apache.juli.logging.DirectJDKLog [main] Initializing ProtocolHandler ["http-nio-8080"]
2025-06-21 00:46:40,678 INFO               org.apache.juli.logging.DirectJDKLog [main] Starting service [Tomcat]
2025-06-21 00:46:40,678 INFO               org.apache.juli.logging.DirectJDKLog [main] Starting Servlet engine: [Apache Tomcat/10.1.42]
2025-06-21 00:46:40,700 INFO               org.apache.juli.logging.DirectJDKLog [main] Initializing Spring embedded WebApplicationContext
2025-06-21 00:46:40,700 INFO servlet.context.ServletWebServerApplicationContext [main] Root WebApplicationContext: initialization completed in 622 ms
2025-06-21 00:46:40,765 INFO          org.hibernate.jpa.internal.util.LogHelper [main] HHH000204: Processing PersistenceUnitInfo [name: default]
2025-06-21 00:46:40,784 INFO                              org.hibernate.Version [main] HHH000412: Hibernate ORM core version 6.6.18.Final
2025-06-21 00:46:40,795 INFO rg.hibernate.cache.internal.RegionFactoryInitiator [main] HHH000026: Second-level cache disabled
2025-06-21 00:46:40,888 INFO .orm.jpa.persistenceunit.SpringPersistenceUnitInfo [main] No LoadTimeWeaver setup: ignoring JPA class transformer
2025-06-21 00:46:40,900 INFO                 com.zaxxer.hikari.HikariDataSource [main] HikariPool-1 - Starting...
2025-06-21 00:46:40,966 INFO                  com.zaxxer.hikari.pool.HikariPool [main] HikariPool-1 - Added connection org.postgresql.jdbc.PgConnection@4604e051
2025-06-21 00:46:40,966 INFO                 com.zaxxer.hikari.HikariDataSource [main] HikariPool-1 - Start completed.
2025-06-21 00:46:41,002 INFO .engine.jdbc.env.internal.JdbcEnvironmentInitiator [main] HHH10001005: Database info:
	Database JDBC URL [Connecting through datasource 'HikariDataSource (HikariPool-1)']
	Database driver: undefined/unknown
	Database version: 14.13
	Autocommit mode: undefined/unknown
	Isolation level: undefined/unknown
	Minimum pool size: undefined/unknown
	Maximum pool size: undefined/unknown
2025-06-21 00:46:41,316 INFO saction.jta.platform.internal.JtaPlatformInitiator [main] HHH000489: No JTA platform available (set 'hibernate.transaction.jta.platform' to enable JTA platform integration)
2025-06-21 00:46:41,341 INFO framework.orm.jpa.AbstractEntityManagerFactoryBean [main] Initialized JPA EntityManagerFactory for persistence unit 'default'
2025-06-21 00:46:41,506 INFO utoconfigure.web.servlet.WelcomePageHandlerMapping [main] Adding welcome page template: index
2025-06-21 00:46:41,683 INFO               org.apache.juli.logging.DirectJDKLog [main] Starting ProtocolHandler ["http-nio-8080"]
2025-06-21 00:46:41,690 INFO framework.boot.web.embedded.tomcat.TomcatWebServer [main] Tomcat started on port 8080 (http) with context path '/'
2025-06-21 00:46:41,695 INFO         org.springframework.boot.StartupInfoLogger [main] Started UShortApplication in 2.177 seconds (process running for 2.68)
2025-06-21 00:46:43,868 INFO               org.apache.juli.logging.DirectJDKLog [http-nio-8080-exec-1] Initializing Spring DispatcherServlet 'dispatcherServlet'
2025-06-21 00:46:43,868 INFO   org.springframework.web.servlet.FrameworkServlet [http-nio-8080-exec-1] Initializing Servlet 'dispatcherServlet'
2025-06-21 00:46:43,869 INFO   org.springframework.web.servlet.FrameworkServlet [http-nio-8080-exec-1] Completed initialization in 1 ms
2025-06-21 00:47:12,242 INFO ramework.boot.web.embedded.tomcat.GracefulShutdown [SpringApplicationShutdownHook] Commencing graceful shutdown. Waiting for active requests to complete
2025-06-21 00:47:12,248 INFO ramework.boot.web.embedded.tomcat.GracefulShutdown [tomcat-shutdown] Graceful shutdown complete
2025-06-21 00:47:12,250 INFO framework.orm.jpa.AbstractEntityManagerFactoryBean [SpringApplicationShutdownHook] Closing JPA EntityManagerFactory for persistence unit 'default'
2025-06-21 00:47:12,251 INFO                 com.zaxxer.hikari.HikariDataSource [SpringApplicationShutdownHook] HikariPool-1 - Shutdown initiated...
2025-06-21 00:47:12,252 INFO                 com.zaxxer.hikari.HikariDataSource [SpringApplicationShutdownHook] HikariPool-1 - Shutdown completed.
2025-06-21 00:48:12,592 INFO      org.hibernate.validator.internal.util.Version [background-preinit] HV000001: Hibernate Validator 8.0.2.Final
2025-06-21 00:48:12,613 INFO         org.springframework.boot.StartupInfoLogger [main] Starting UShortApplication using Java 23.0.2 with PID 52043 (/Users/macbookair/real-projects/u-short/target/classes started by macbookair in /Users/macbookair/real-projects/u-short)
2025-06-21 00:48:12,613 INFO         org.springframework.boot.SpringApplication [main] The following 1 profile is active: "dev"
2025-06-21 00:48:12,873 INFO .repository.config.RepositoryConfigurationDelegate [main] Bootstrapping Spring Data JPA repositories in DEFAULT mode.
2025-06-21 00:48:12,891 INFO .repository.config.RepositoryConfigurationDelegate [main] Finished Spring Data repository scanning in 15 ms. Found 1 JPA repository interface.
2025-06-21 00:48:13,092 INFO framework.boot.web.embedded.tomcat.TomcatWebServer [main] Tomcat initialized with port 8080 (http)
2025-06-21 00:48:13,098 INFO               org.apache.juli.logging.DirectJDKLog [main] Initializing ProtocolHandler ["http-nio-8080"]
2025-06-21 00:48:13,099 INFO               org.apache.juli.logging.DirectJDKLog [main] Starting service [Tomcat]
2025-06-21 00:48:13,099 INFO               org.apache.juli.logging.DirectJDKLog [main] Starting Servlet engine: [Apache Tomcat/10.1.42]
2025-06-21 00:48:13,120 INFO               org.apache.juli.logging.DirectJDKLog [main] Initializing Spring embedded WebApplicationContext
2025-06-21 00:48:13,120 INFO servlet.context.ServletWebServerApplicationContext [main] Root WebApplicationContext: initialization completed in 488 ms
2025-06-21 00:48:13,189 INFO          org.hibernate.jpa.internal.util.LogHelper [main] HHH000204: Processing PersistenceUnitInfo [name: default]
2025-06-21 00:48:13,206 INFO                              org.hibernate.Version [main] HHH000412: Hibernate ORM core version 6.6.18.Final
2025-06-21 00:48:13,217 INFO rg.hibernate.cache.internal.RegionFactoryInitiator [main] HHH000026: Second-level cache disabled
2025-06-21 00:48:13,308 INFO .orm.jpa.persistenceunit.SpringPersistenceUnitInfo [main] No LoadTimeWeaver setup: ignoring JPA class transformer
2025-06-21 00:48:13,320 INFO                 com.zaxxer.hikari.HikariDataSource [main] HikariPool-1 - Starting...
2025-06-21 00:48:13,383 INFO                  com.zaxxer.hikari.pool.HikariPool [main] HikariPool-1 - Added connection org.postgresql.jdbc.PgConnection@1ce6a9bd
2025-06-21 00:48:13,383 INFO                 com.zaxxer.hikari.HikariDataSource [main] HikariPool-1 - Start completed.
2025-06-21 00:48:13,415 INFO .engine.jdbc.env.internal.JdbcEnvironmentInitiator [main] HHH10001005: Database info:
	Database JDBC URL [Connecting through datasource 'HikariDataSource (HikariPool-1)']
	Database driver: undefined/unknown
	Database version: 14.13
	Autocommit mode: undefined/unknown
	Isolation level: undefined/unknown
	Minimum pool size: undefined/unknown
	Maximum pool size: undefined/unknown
2025-06-21 00:48:13,724 INFO saction.jta.platform.internal.JtaPlatformInitiator [main] HHH000489: No JTA platform available (set 'hibernate.transaction.jta.platform' to enable JTA platform integration)
2025-06-21 00:48:13,749 INFO framework.orm.jpa.AbstractEntityManagerFactoryBean [main] Initialized JPA EntityManagerFactory for persistence unit 'default'
2025-06-21 00:48:13,923 INFO utoconfigure.web.servlet.WelcomePageHandlerMapping [main] Adding welcome page template: index
2025-06-21 00:48:14,112 INFO               org.apache.juli.logging.DirectJDKLog [main] Starting ProtocolHandler ["http-nio-8080"]
2025-06-21 00:48:14,120 INFO framework.boot.web.embedded.tomcat.TomcatWebServer [main] Tomcat started on port 8080 (http) with context path '/'
2025-06-21 00:48:14,125 INFO         org.springframework.boot.StartupInfoLogger [main] Started UShortApplication in 1.724 seconds (process running for 2.165)
2025-06-21 00:52:47,278 INFO               org.apache.juli.logging.DirectJDKLog [http-nio-8080-exec-1] Initializing Spring DispatcherServlet 'dispatcherServlet'
2025-06-21 00:52:47,278 INFO   org.springframework.web.servlet.FrameworkServlet [http-nio-8080-exec-1] Initializing Servlet 'dispatcherServlet'
2025-06-21 00:52:47,278 INFO   org.springframework.web.servlet.FrameworkServlet [http-nio-8080-exec-1] Completed initialization in 0 ms
2025-06-21 00:54:13,691 INFO ramework.boot.web.embedded.tomcat.GracefulShutdown [SpringApplicationShutdownHook] Commencing graceful shutdown. Waiting for active requests to complete
2025-06-21 00:54:13,696 INFO ramework.boot.web.embedded.tomcat.GracefulShutdown [tomcat-shutdown] Graceful shutdown complete
2025-06-21 00:54:13,698 INFO framework.orm.jpa.AbstractEntityManagerFactoryBean [SpringApplicationShutdownHook] Closing JPA EntityManagerFactory for persistence unit 'default'
2025-06-21 00:54:13,699 INFO                 com.zaxxer.hikari.HikariDataSource [SpringApplicationShutdownHook] HikariPool-1 - Shutdown initiated...
2025-06-21 00:54:13,700 INFO                 com.zaxxer.hikari.HikariDataSource [SpringApplicationShutdownHook] HikariPool-1 - Shutdown completed.
2025-06-21 00:54:15,435 INFO      org.hibernate.validator.internal.util.Version [background-preinit] HV000001: Hibernate Validator 8.0.2.Final
2025-06-21 00:54:15,508 INFO         org.springframework.boot.StartupInfoLogger [main] Starting UShortApplication using Java 23.0.2 with PID 53465 (/Users/macbookair/real-projects/u-short/target/classes started by macbookair in /Users/macbookair/real-projects/u-short)
2025-06-21 00:54:15,509 INFO         org.springframework.boot.SpringApplication [main] The following 1 profile is active: "dev"
2025-06-21 00:54:16,052 INFO .repository.config.RepositoryConfigurationDelegate [main] Bootstrapping Spring Data JPA repositories in DEFAULT mode.
2025-06-21 00:54:16,081 INFO .repository.config.RepositoryConfigurationDelegate [main] Finished Spring Data repository scanning in 25 ms. Found 1 JPA repository interface.
2025-06-21 00:54:16,289 INFO framework.boot.web.embedded.tomcat.TomcatWebServer [main] Tomcat initialized with port 8080 (http)
2025-06-21 00:54:16,294 INFO               org.apache.juli.logging.DirectJDKLog [main] Initializing ProtocolHandler ["http-nio-8080"]
2025-06-21 00:54:16,295 INFO               org.apache.juli.logging.DirectJDKLog [main] Starting service [Tomcat]
2025-06-21 00:54:16,295 INFO               org.apache.juli.logging.DirectJDKLog [main] Starting Servlet engine: [Apache Tomcat/10.1.42]
2025-06-21 00:54:16,315 INFO               org.apache.juli.logging.DirectJDKLog [main] Initializing Spring embedded WebApplicationContext
2025-06-21 00:54:16,315 INFO servlet.context.ServletWebServerApplicationContext [main] Root WebApplicationContext: initialization completed in 760 ms
2025-06-21 00:54:16,382 INFO          org.hibernate.jpa.internal.util.LogHelper [main] HHH000204: Processing PersistenceUnitInfo [name: default]
2025-06-21 00:54:16,403 INFO                              org.hibernate.Version [main] HHH000412: Hibernate ORM core version 6.6.18.Final
2025-06-21 00:54:16,414 INFO rg.hibernate.cache.internal.RegionFactoryInitiator [main] HHH000026: Second-level cache disabled
2025-06-21 00:54:16,512 INFO .orm.jpa.persistenceunit.SpringPersistenceUnitInfo [main] No LoadTimeWeaver setup: ignoring JPA class transformer
2025-06-21 00:54:16,524 INFO                 com.zaxxer.hikari.HikariDataSource [main] HikariPool-1 - Starting...
2025-06-21 00:54:16,589 INFO                  com.zaxxer.hikari.pool.HikariPool [main] HikariPool-1 - Added connection org.postgresql.jdbc.PgConnection@7c0ff7a0
2025-06-21 00:54:16,590 INFO                 com.zaxxer.hikari.HikariDataSource [main] HikariPool-1 - Start completed.
2025-06-21 00:54:16,625 INFO .engine.jdbc.env.internal.JdbcEnvironmentInitiator [main] HHH10001005: Database info:
	Database JDBC URL [Connecting through datasource 'HikariDataSource (HikariPool-1)']
	Database driver: undefined/unknown
	Database version: 14.13
	Autocommit mode: undefined/unknown
	Isolation level: undefined/unknown
	Minimum pool size: undefined/unknown
	Maximum pool size: undefined/unknown
2025-06-21 00:54:16,945 INFO saction.jta.platform.internal.JtaPlatformInitiator [main] HHH000489: No JTA platform available (set 'hibernate.transaction.jta.platform' to enable JTA platform integration)
2025-06-21 00:54:16,973 INFO framework.orm.jpa.AbstractEntityManagerFactoryBean [main] Initialized JPA EntityManagerFactory for persistence unit 'default'
2025-06-21 00:54:17,142 INFO utoconfigure.web.servlet.WelcomePageHandlerMapping [main] Adding welcome page template: index
2025-06-21 00:54:17,326 INFO               org.apache.juli.logging.DirectJDKLog [main] Starting ProtocolHandler ["http-nio-8080"]
2025-06-21 00:54:17,333 INFO framework.boot.web.embedded.tomcat.TomcatWebServer [main] Tomcat started on port 8080 (http) with context path '/'
2025-06-21 00:54:17,338 INFO         org.springframework.boot.StartupInfoLogger [main] Started UShortApplication in 2.375 seconds (process running for 2.857)
2025-06-21 00:54:18,296 INFO               org.apache.juli.logging.DirectJDKLog [http-nio-8080-exec-1] Initializing Spring DispatcherServlet 'dispatcherServlet'
2025-06-21 00:54:18,297 INFO   org.springframework.web.servlet.FrameworkServlet [http-nio-8080-exec-1] Initializing Servlet 'dispatcherServlet'
2025-06-21 00:54:18,298 INFO   org.springframework.web.servlet.FrameworkServlet [http-nio-8080-exec-1] Completed initialization in 1 ms
2025-06-21 00:59:44,792 INFO ramework.boot.web.embedded.tomcat.GracefulShutdown [SpringApplicationShutdownHook] Commencing graceful shutdown. Waiting for active requests to complete
2025-06-21 00:59:44,796 INFO ramework.boot.web.embedded.tomcat.GracefulShutdown [tomcat-shutdown] Graceful shutdown complete
2025-06-21 00:59:44,798 INFO framework.orm.jpa.AbstractEntityManagerFactoryBean [SpringApplicationShutdownHook] Closing JPA EntityManagerFactory for persistence unit 'default'
2025-06-21 00:59:44,799 INFO                 com.zaxxer.hikari.HikariDataSource [SpringApplicationShutdownHook] HikariPool-1 - Shutdown initiated...
2025-06-21 00:59:44,800 INFO                 com.zaxxer.hikari.HikariDataSource [SpringApplicationShutdownHook] HikariPool-1 - Shutdown completed.
2025-06-21 00:59:46,442 INFO      org.hibernate.validator.internal.util.Version [background-preinit] HV000001: Hibernate Validator 8.0.2.Final
2025-06-21 00:59:46,506 INFO         org.springframework.boot.StartupInfoLogger [main] Starting UShortApplication using Java 23.0.2 with PID 54765 (/Users/macbookair/real-projects/u-short/target/classes started by macbookair in /Users/macbookair/real-projects/u-short)
2025-06-21 00:59:46,507 INFO         org.springframework.boot.SpringApplication [main] The following 1 profile is active: "dev"
2025-06-21 00:59:47,149 INFO .repository.config.RepositoryConfigurationDelegate [main] Bootstrapping Spring Data JPA repositories in DEFAULT mode.
2025-06-21 00:59:47,180 INFO .repository.config.RepositoryConfigurationDelegate [main] Finished Spring Data repository scanning in 26 ms. Found 1 JPA repository interface.
2025-06-21 00:59:47,424 INFO framework.boot.web.embedded.tomcat.TomcatWebServer [main] Tomcat initialized with port 8080 (http)
2025-06-21 00:59:47,430 INFO               org.apache.juli.logging.DirectJDKLog [main] Initializing ProtocolHandler ["http-nio-8080"]
2025-06-21 00:59:47,431 INFO               org.apache.juli.logging.DirectJDKLog [main] Starting service [Tomcat]
2025-06-21 00:59:47,431 INFO               org.apache.juli.logging.DirectJDKLog [main] Starting Servlet engine: [Apache Tomcat/10.1.42]
2025-06-21 00:59:47,450 INFO               org.apache.juli.logging.DirectJDKLog [main] Initializing Spring embedded WebApplicationContext
2025-06-21 00:59:47,450 INFO servlet.context.ServletWebServerApplicationContext [main] Root WebApplicationContext: initialization completed in 893 ms
2025-06-21 00:59:47,518 INFO          org.hibernate.jpa.internal.util.LogHelper [main] HHH000204: Processing PersistenceUnitInfo [name: default]
2025-06-21 00:59:47,540 INFO                              org.hibernate.Version [main] HHH000412: Hibernate ORM core version 6.6.18.Final
2025-06-21 00:59:47,552 INFO rg.hibernate.cache.internal.RegionFactoryInitiator [main] HHH000026: Second-level cache disabled
2025-06-21 00:59:47,653 INFO .orm.jpa.persistenceunit.SpringPersistenceUnitInfo [main] No LoadTimeWeaver setup: ignoring JPA class transformer
2025-06-21 00:59:47,667 INFO                 com.zaxxer.hikari.HikariDataSource [main] HikariPool-1 - Starting...
2025-06-21 00:59:47,730 INFO                  com.zaxxer.hikari.pool.HikariPool [main] HikariPool-1 - Added connection org.postgresql.jdbc.PgConnection@4fe4503a
2025-06-21 00:59:47,730 INFO                 com.zaxxer.hikari.HikariDataSource [main] HikariPool-1 - Start completed.
2025-06-21 00:59:47,764 INFO .engine.jdbc.env.internal.JdbcEnvironmentInitiator [main] HHH10001005: Database info:
	Database JDBC URL [Connecting through datasource 'HikariDataSource (HikariPool-1)']
	Database driver: undefined/unknown
	Database version: 14.13
	Autocommit mode: undefined/unknown
	Isolation level: undefined/unknown
	Minimum pool size: undefined/unknown
	Maximum pool size: undefined/unknown
2025-06-21 00:59:48,085 INFO saction.jta.platform.internal.JtaPlatformInitiator [main] HHH000489: No JTA platform available (set 'hibernate.transaction.jta.platform' to enable JTA platform integration)
2025-06-21 00:59:48,111 INFO framework.orm.jpa.AbstractEntityManagerFactoryBean [main] Initialized JPA EntityManagerFactory for persistence unit 'default'
2025-06-21 00:59:48,289 INFO utoconfigure.web.servlet.WelcomePageHandlerMapping [main] Adding welcome page template: index
2025-06-21 00:59:48,486 INFO               org.apache.juli.logging.DirectJDKLog [main] Starting ProtocolHandler ["http-nio-8080"]
2025-06-21 00:59:48,494 INFO framework.boot.web.embedded.tomcat.TomcatWebServer [main] Tomcat started on port 8080 (http) with context path '/'
2025-06-21 00:59:48,500 INFO         org.springframework.boot.StartupInfoLogger [main] Started UShortApplication in 2.359 seconds (process running for 2.818)
2025-06-21 00:59:49,255 INFO               org.apache.juli.logging.DirectJDKLog [http-nio-8080-exec-1] Initializing Spring DispatcherServlet 'dispatcherServlet'
2025-06-21 00:59:49,256 INFO   org.springframework.web.servlet.FrameworkServlet [http-nio-8080-exec-1] Initializing Servlet 'dispatcherServlet'
2025-06-21 00:59:49,256 INFO   org.springframework.web.servlet.FrameworkServlet [http-nio-8080-exec-1] Completed initialization in 0 ms
2025-06-21 01:03:43,986 INFO ramework.boot.web.embedded.tomcat.GracefulShutdown [SpringApplicationShutdownHook] Commencing graceful shutdown. Waiting for active requests to complete
2025-06-21 01:03:43,990 INFO ramework.boot.web.embedded.tomcat.GracefulShutdown [tomcat-shutdown] Graceful shutdown complete
2025-06-21 01:03:43,992 INFO framework.orm.jpa.AbstractEntityManagerFactoryBean [SpringApplicationShutdownHook] Closing JPA EntityManagerFactory for persistence unit 'default'
2025-06-21 01:03:43,994 INFO                 com.zaxxer.hikari.HikariDataSource [SpringApplicationShutdownHook] HikariPool-1 - Shutdown initiated...
2025-06-21 01:03:43,994 INFO                 com.zaxxer.hikari.HikariDataSource [SpringApplicationShutdownHook] HikariPool-1 - Shutdown completed.
2025-06-21 01:03:45,553 INFO      org.hibernate.validator.internal.util.Version [background-preinit] HV000001: Hibernate Validator 8.0.2.Final
2025-06-21 01:03:45,592 INFO         org.springframework.boot.StartupInfoLogger [main] Starting UShortApplication using Java 23.0.2 with PID 55735 (/Users/macbookair/real-projects/u-short/target/classes started by macbookair in /Users/macbookair/real-projects/u-short)
2025-06-21 01:03:45,593 INFO         org.springframework.boot.SpringApplication [main] The following 1 profile is active: "dev"
2025-06-21 01:03:46,406 INFO .repository.config.RepositoryConfigurationDelegate [main] Bootstrapping Spring Data JPA repositories in DEFAULT mode.
2025-06-21 01:03:46,435 INFO .repository.config.RepositoryConfigurationDelegate [main] Finished Spring Data repository scanning in 24 ms. Found 1 JPA repository interface.
2025-06-21 01:03:46,676 INFO framework.boot.web.embedded.tomcat.TomcatWebServer [main] Tomcat initialized with port 8080 (http)
2025-06-21 01:03:46,683 INFO               org.apache.juli.logging.DirectJDKLog [main] Initializing ProtocolHandler ["http-nio-8080"]
2025-06-21 01:03:46,684 INFO               org.apache.juli.logging.DirectJDKLog [main] Starting service [Tomcat]
2025-06-21 01:03:46,684 INFO               org.apache.juli.logging.DirectJDKLog [main] Starting Servlet engine: [Apache Tomcat/10.1.42]
2025-06-21 01:03:46,706 INFO               org.apache.juli.logging.DirectJDKLog [main] Initializing Spring embedded WebApplicationContext
2025-06-21 01:03:46,706 INFO servlet.context.ServletWebServerApplicationContext [main] Root WebApplicationContext: initialization completed in 1033 ms
2025-06-21 01:03:46,779 INFO          org.hibernate.jpa.internal.util.LogHelper [main] HHH000204: Processing PersistenceUnitInfo [name: default]
2025-06-21 01:03:46,800 INFO                              org.hibernate.Version [main] HHH000412: Hibernate ORM core version 6.6.18.Final
2025-06-21 01:03:46,812 INFO rg.hibernate.cache.internal.RegionFactoryInitiator [main] HHH000026: Second-level cache disabled
2025-06-21 01:03:46,911 INFO .orm.jpa.persistenceunit.SpringPersistenceUnitInfo [main] No LoadTimeWeaver setup: ignoring JPA class transformer
2025-06-21 01:03:46,924 INFO                 com.zaxxer.hikari.HikariDataSource [main] HikariPool-1 - Starting...
2025-06-21 01:03:46,990 INFO                  com.zaxxer.hikari.pool.HikariPool [main] HikariPool-1 - Added connection org.postgresql.jdbc.PgConnection@7614378d
2025-06-21 01:03:46,991 INFO                 com.zaxxer.hikari.HikariDataSource [main] HikariPool-1 - Start completed.
2025-06-21 01:03:47,020 INFO .engine.jdbc.env.internal.JdbcEnvironmentInitiator [main] HHH10001005: Database info:
	Database JDBC URL [Connecting through datasource 'HikariDataSource (HikariPool-1)']
	Database driver: undefined/unknown
	Database version: 14.13
	Autocommit mode: undefined/unknown
	Isolation level: undefined/unknown
	Minimum pool size: undefined/unknown
	Maximum pool size: undefined/unknown
2025-06-21 01:03:47,349 INFO saction.jta.platform.internal.JtaPlatformInitiator [main] HHH000489: No JTA platform available (set 'hibernate.transaction.jta.platform' to enable JTA platform integration)
2025-06-21 01:03:47,373 INFO framework.orm.jpa.AbstractEntityManagerFactoryBean [main] Initialized JPA EntityManagerFactory for persistence unit 'default'
2025-06-21 01:03:47,559 INFO utoconfigure.web.servlet.WelcomePageHandlerMapping [main] Adding welcome page template: index
2025-06-21 01:03:47,759 INFO               org.apache.juli.logging.DirectJDKLog [main] Starting ProtocolHandler ["http-nio-8080"]
2025-06-21 01:03:47,768 INFO framework.boot.web.embedded.tomcat.TomcatWebServer [main] Tomcat started on port 8080 (http) with context path '/'
2025-06-21 01:03:47,774 INFO         org.springframework.boot.StartupInfoLogger [main] Started UShortApplication in 2.545 seconds (process running for 3.087)
2025-06-21 01:03:48,929 INFO               org.apache.juli.logging.DirectJDKLog [http-nio-8080-exec-1] Initializing Spring DispatcherServlet 'dispatcherServlet'
2025-06-21 01:03:48,929 INFO   org.springframework.web.servlet.FrameworkServlet [http-nio-8080-exec-1] Initializing Servlet 'dispatcherServlet'
2025-06-21 01:03:48,930 INFO   org.springframework.web.servlet.FrameworkServlet [http-nio-8080-exec-1] Completed initialization in 1 ms
2025-06-21 01:06:25,812 INFO ramework.boot.web.embedded.tomcat.GracefulShutdown [SpringApplicationShutdownHook] Commencing graceful shutdown. Waiting for active requests to complete
2025-06-21 01:06:25,817 INFO ramework.boot.web.embedded.tomcat.GracefulShutdown [tomcat-shutdown] Graceful shutdown complete
2025-06-21 01:06:25,819 INFO framework.orm.jpa.AbstractEntityManagerFactoryBean [SpringApplicationShutdownHook] Closing JPA EntityManagerFactory for persistence unit 'default'
2025-06-21 01:06:25,820 INFO                 com.zaxxer.hikari.HikariDataSource [SpringApplicationShutdownHook] HikariPool-1 - Shutdown initiated...
2025-06-21 01:06:25,821 INFO                 com.zaxxer.hikari.HikariDataSource [SpringApplicationShutdownHook] HikariPool-1 - Shutdown completed.
2025-06-21 01:06:27,400 INFO      org.hibernate.validator.internal.util.Version [background-preinit] HV000001: Hibernate Validator 8.0.2.Final
2025-06-21 01:06:27,461 INFO         org.springframework.boot.StartupInfoLogger [main] Starting UShortApplication using Java 23.0.2 with PID 56386 (/Users/macbookair/real-projects/u-short/target/classes started by macbookair in /Users/macbookair/real-projects/u-short)
2025-06-21 01:06:27,462 INFO         org.springframework.boot.SpringApplication [main] The following 1 profile is active: "dev"
2025-06-21 01:06:28,293 INFO .repository.config.RepositoryConfigurationDelegate [main] Bootstrapping Spring Data JPA repositories in DEFAULT mode.
2025-06-21 01:06:28,315 INFO .repository.config.RepositoryConfigurationDelegate [main] Finished Spring Data repository scanning in 16 ms. Found 1 JPA repository interface.
2025-06-21 01:06:28,521 INFO framework.boot.web.embedded.tomcat.TomcatWebServer [main] Tomcat initialized with port 8080 (http)
2025-06-21 01:06:28,527 INFO               org.apache.juli.logging.DirectJDKLog [main] Initializing ProtocolHandler ["http-nio-8080"]
2025-06-21 01:06:28,528 INFO               org.apache.juli.logging.DirectJDKLog [main] Starting service [Tomcat]
2025-06-21 01:06:28,528 INFO               org.apache.juli.logging.DirectJDKLog [main] Starting Servlet engine: [Apache Tomcat/10.1.42]
2025-06-21 01:06:28,548 INFO               org.apache.juli.logging.DirectJDKLog [main] Initializing Spring embedded WebApplicationContext
2025-06-21 01:06:28,548 INFO servlet.context.ServletWebServerApplicationContext [main] Root WebApplicationContext: initialization completed in 1035 ms
2025-06-21 01:06:28,619 INFO          org.hibernate.jpa.internal.util.LogHelper [main] HHH000204: Processing PersistenceUnitInfo [name: default]
2025-06-21 01:06:28,637 INFO                              org.hibernate.Version [main] HHH000412: Hibernate ORM core version 6.6.18.Final
2025-06-21 01:06:28,648 INFO rg.hibernate.cache.internal.RegionFactoryInitiator [main] HHH000026: Second-level cache disabled
2025-06-21 01:06:28,749 INFO .orm.jpa.persistenceunit.SpringPersistenceUnitInfo [main] No LoadTimeWeaver setup: ignoring JPA class transformer
2025-06-21 01:06:28,761 INFO                 com.zaxxer.hikari.HikariDataSource [main] HikariPool-1 - Starting...
2025-06-21 01:06:28,826 INFO                  com.zaxxer.hikari.pool.HikariPool [main] HikariPool-1 - Added connection org.postgresql.jdbc.PgConnection@7e0883f3
2025-06-21 01:06:28,827 INFO                 com.zaxxer.hikari.HikariDataSource [main] HikariPool-1 - Start completed.
2025-06-21 01:06:28,861 INFO .engine.jdbc.env.internal.JdbcEnvironmentInitiator [main] HHH10001005: Database info:
	Database JDBC URL [Connecting through datasource 'HikariDataSource (HikariPool-1)']
	Database driver: undefined/unknown
	Database version: 14.13
	Autocommit mode: undefined/unknown
	Isolation level: undefined/unknown
	Minimum pool size: undefined/unknown
	Maximum pool size: undefined/unknown
2025-06-21 01:06:29,174 INFO saction.jta.platform.internal.JtaPlatformInitiator [main] HHH000489: No JTA platform available (set 'hibernate.transaction.jta.platform' to enable JTA platform integration)
2025-06-21 01:06:29,201 INFO framework.orm.jpa.AbstractEntityManagerFactoryBean [main] Initialized JPA EntityManagerFactory for persistence unit 'default'
2025-06-21 01:06:29,372 INFO utoconfigure.web.servlet.WelcomePageHandlerMapping [main] Adding welcome page template: index
2025-06-21 01:06:29,590 INFO               org.apache.juli.logging.DirectJDKLog [main] Starting ProtocolHandler ["http-nio-8080"]
2025-06-21 01:06:29,599 INFO framework.boot.web.embedded.tomcat.TomcatWebServer [main] Tomcat started on port 8080 (http) with context path '/'
2025-06-21 01:06:29,604 INFO         org.springframework.boot.StartupInfoLogger [main] Started UShortApplication in 2.454 seconds (process running for 2.927)
2025-06-21 01:06:33,922 INFO               org.apache.juli.logging.DirectJDKLog [http-nio-8080-exec-1] Initializing Spring DispatcherServlet 'dispatcherServlet'
2025-06-21 01:06:33,922 INFO   org.springframework.web.servlet.FrameworkServlet [http-nio-8080-exec-1] Initializing Servlet 'dispatcherServlet'
2025-06-21 01:06:33,923 INFO   org.springframework.web.servlet.FrameworkServlet [http-nio-8080-exec-1] Completed initialization in 1 ms
2025-06-21 01:11:52,841 INFO ramework.boot.web.embedded.tomcat.GracefulShutdown [SpringApplicationShutdownHook] Commencing graceful shutdown. Waiting for active requests to complete
2025-06-21 01:11:52,846 INFO ramework.boot.web.embedded.tomcat.GracefulShutdown [tomcat-shutdown] Graceful shutdown complete
2025-06-21 01:11:52,848 INFO framework.orm.jpa.AbstractEntityManagerFactoryBean [SpringApplicationShutdownHook] Closing JPA EntityManagerFactory for persistence unit 'default'
2025-06-21 01:11:52,850 INFO                 com.zaxxer.hikari.HikariDataSource [SpringApplicationShutdownHook] HikariPool-1 - Shutdown initiated...
2025-06-21 01:11:52,851 INFO                 com.zaxxer.hikari.HikariDataSource [SpringApplicationShutdownHook] HikariPool-1 - Shutdown completed.
2025-06-21 01:11:54,413 INFO      org.hibernate.validator.internal.util.Version [background-preinit] HV000001: Hibernate Validator 8.0.2.Final
2025-06-21 01:11:54,455 INFO         org.springframework.boot.StartupInfoLogger [main] Starting UShortApplication using Java 23.0.2 with PID 57685 (/Users/macbookair/real-projects/u-short/target/classes started by macbookair in /Users/macbookair/real-projects/u-short)
2025-06-21 01:11:54,457 INFO         org.springframework.boot.SpringApplication [main] The following 1 profile is active: "dev"
2025-06-21 01:11:55,273 INFO .repository.config.RepositoryConfigurationDelegate [main] Bootstrapping Spring Data JPA repositories in DEFAULT mode.
2025-06-21 01:11:55,320 INFO .repository.config.RepositoryConfigurationDelegate [main] Finished Spring Data repository scanning in 39 ms. Found 1 JPA repository interface.
2025-06-21 01:11:55,600 INFO framework.boot.web.embedded.tomcat.TomcatWebServer [main] Tomcat initialized with port 8080 (http)
2025-06-21 01:11:55,608 INFO               org.apache.juli.logging.DirectJDKLog [main] Initializing ProtocolHandler ["http-nio-8080"]
2025-06-21 01:11:55,609 INFO               org.apache.juli.logging.DirectJDKLog [main] Starting service [Tomcat]
2025-06-21 01:11:55,609 INFO               org.apache.juli.logging.DirectJDKLog [main] Starting Servlet engine: [Apache Tomcat/10.1.42]
2025-06-21 01:11:55,635 INFO               org.apache.juli.logging.DirectJDKLog [main] Initializing Spring embedded WebApplicationContext
2025-06-21 01:11:55,636 INFO servlet.context.ServletWebServerApplicationContext [main] Root WebApplicationContext: initialization completed in 1131 ms
2025-06-21 01:11:55,728 INFO          org.hibernate.jpa.internal.util.LogHelper [main] HHH000204: Processing PersistenceUnitInfo [name: default]
2025-06-21 01:11:55,755 INFO                              org.hibernate.Version [main] HHH000412: Hibernate ORM core version 6.6.18.Final
2025-06-21 01:11:55,770 INFO rg.hibernate.cache.internal.RegionFactoryInitiator [main] HHH000026: Second-level cache disabled
2025-06-21 01:11:55,899 INFO .orm.jpa.persistenceunit.SpringPersistenceUnitInfo [main] No LoadTimeWeaver setup: ignoring JPA class transformer
2025-06-21 01:11:55,914 INFO                 com.zaxxer.hikari.HikariDataSource [main] HikariPool-1 - Starting...
2025-06-21 01:11:55,988 INFO                  com.zaxxer.hikari.pool.HikariPool [main] HikariPool-1 - Added connection org.postgresql.jdbc.PgConnection@7a021f49
2025-06-21 01:11:55,989 INFO                 com.zaxxer.hikari.HikariDataSource [main] HikariPool-1 - Start completed.
2025-06-21 01:11:56,028 INFO .engine.jdbc.env.internal.JdbcEnvironmentInitiator [main] HHH10001005: Database info:
	Database JDBC URL [Connecting through datasource 'HikariDataSource (HikariPool-1)']
	Database driver: undefined/unknown
	Database version: 14.13
	Autocommit mode: undefined/unknown
	Isolation level: undefined/unknown
	Minimum pool size: undefined/unknown
	Maximum pool size: undefined/unknown
2025-06-21 01:11:56,425 INFO saction.jta.platform.internal.JtaPlatformInitiator [main] HHH000489: No JTA platform available (set 'hibernate.transaction.jta.platform' to enable JTA platform integration)
2025-06-21 01:11:56,456 INFO framework.orm.jpa.AbstractEntityManagerFactoryBean [main] Initialized JPA EntityManagerFactory for persistence unit 'default'
2025-06-21 01:11:56,626 INFO utoconfigure.web.servlet.WelcomePageHandlerMapping [main] Adding welcome page template: index
2025-06-21 01:11:56,815 INFO               org.apache.juli.logging.DirectJDKLog [main] Starting ProtocolHandler ["http-nio-8080"]
2025-06-21 01:11:56,824 INFO framework.boot.web.embedded.tomcat.TomcatWebServer [main] Tomcat started on port 8080 (http) with context path '/'
2025-06-21 01:11:56,829 INFO         org.springframework.boot.StartupInfoLogger [main] Started UShortApplication in 2.714 seconds (process running for 3.219)
2025-06-21 01:11:57,845 INFO               org.apache.juli.logging.DirectJDKLog [http-nio-8080-exec-1] Initializing Spring DispatcherServlet 'dispatcherServlet'
2025-06-21 01:11:57,845 INFO   org.springframework.web.servlet.FrameworkServlet [http-nio-8080-exec-1] Initializing Servlet 'dispatcherServlet'
2025-06-21 01:11:57,846 INFO   org.springframework.web.servlet.FrameworkServlet [http-nio-8080-exec-1] Completed initialization in 1 ms
2025-06-21 01:13:32,185 INFO               org.apache.juli.logging.DirectJDKLog [http-nio-8080-exec-2] Error parsing HTTP request header
 Note: further occurrences of HTTP request parsing errors will be logged at DEBUG level.
java.lang.IllegalArgumentException: Invalid character found in method name [0x160x030x010x070x120x010x000x070x0e0x030x030xac0xa80xb90x900x7f|r0xba0x940xdf0xf9'0xb1Y0x8e[0xaf-#0x1d0x960x0b00x0c0xdd0xf70x12*\0xb30xa4- ]. HTTP method names must be tokens
	at org.apache.coyote.http11.Http11InputBuffer.parseRequestLine(Http11InputBuffer.java:403)
	at org.apache.coyote.http11.Http11Processor.service(Http11Processor.java:271)
	at org.apache.coyote.AbstractProcessorLight.process(AbstractProcessorLight.java:63)
	at org.apache.coyote.AbstractProtocol$ConnectionHandler.process(AbstractProtocol.java:903)
	at org.apache.tomcat.util.net.NioEndpoint$SocketProcessor.doRun(NioEndpoint.java:1769)
	at org.apache.tomcat.util.net.SocketProcessorBase.run(SocketProcessorBase.java:52)
	at org.apache.tomcat.util.threads.ThreadPoolExecutor.runWorker(ThreadPoolExecutor.java:1189)
	at org.apache.tomcat.util.threads.ThreadPoolExecutor$Worker.run(ThreadPoolExecutor.java:658)
	at org.apache.tomcat.util.threads.TaskThread$WrappingRunnable.run(TaskThread.java:63)
	at java.base/java.lang.Thread.run(Thread.java:1575)
2025-06-21 01:17:51,209 INFO ramework.boot.web.embedded.tomcat.GracefulShutdown [SpringApplicationShutdownHook] Commencing graceful shutdown. Waiting for active requests to complete
2025-06-21 01:17:51,214 INFO ramework.boot.web.embedded.tomcat.GracefulShutdown [tomcat-shutdown] Graceful shutdown complete
2025-06-21 01:17:51,216 INFO framework.orm.jpa.AbstractEntityManagerFactoryBean [SpringApplicationShutdownHook] Closing JPA EntityManagerFactory for persistence unit 'default'
2025-06-21 01:17:51,217 INFO                 com.zaxxer.hikari.HikariDataSource [SpringApplicationShutdownHook] HikariPool-1 - Shutdown initiated...
2025-06-21 01:17:51,217 INFO                 com.zaxxer.hikari.HikariDataSource [SpringApplicationShutdownHook] HikariPool-1 - Shutdown completed.
2025-06-21 01:17:52,811 INFO      org.hibernate.validator.internal.util.Version [background-preinit] HV000001: Hibernate Validator 8.0.2.Final
2025-06-21 01:17:52,842 INFO         org.springframework.boot.StartupInfoLogger [main] Starting UShortApplication using Java 23.0.2 with PID 59109 (/Users/macbookair/real-projects/u-short/target/classes started by macbookair in /Users/macbookair/real-projects/u-short)
2025-06-21 01:17:52,843 INFO         org.springframework.boot.SpringApplication [main] The following 1 profile is active: "dev"
2025-06-21 01:17:53,719 INFO .repository.config.RepositoryConfigurationDelegate [main] Bootstrapping Spring Data JPA repositories in DEFAULT mode.
2025-06-21 01:17:53,768 INFO .repository.config.RepositoryConfigurationDelegate [main] Finished Spring Data repository scanning in 43 ms. Found 1 JPA repository interface.
2025-06-21 01:17:54,165 INFO framework.boot.web.embedded.tomcat.TomcatWebServer [main] Tomcat initialized with port 8080 (http)
2025-06-21 01:17:54,173 INFO               org.apache.juli.logging.DirectJDKLog [main] Initializing ProtocolHandler ["http-nio-8080"]
2025-06-21 01:17:54,174 INFO               org.apache.juli.logging.DirectJDKLog [main] Starting service [Tomcat]
2025-06-21 01:17:54,174 INFO               org.apache.juli.logging.DirectJDKLog [main] Starting Servlet engine: [Apache Tomcat/10.1.42]
2025-06-21 01:17:54,201 INFO               org.apache.juli.logging.DirectJDKLog [main] Initializing Spring embedded WebApplicationContext
2025-06-21 01:17:54,201 INFO servlet.context.ServletWebServerApplicationContext [main] Root WebApplicationContext: initialization completed in 1278 ms
2025-06-21 01:17:54,311 INFO          org.hibernate.jpa.internal.util.LogHelper [main] HHH000204: Processing PersistenceUnitInfo [name: default]
2025-06-21 01:17:54,335 INFO                              org.hibernate.Version [main] HHH000412: Hibernate ORM core version 6.6.18.Final
2025-06-21 01:17:54,351 INFO rg.hibernate.cache.internal.RegionFactoryInitiator [main] HHH000026: Second-level cache disabled
2025-06-21 01:17:54,497 INFO .orm.jpa.persistenceunit.SpringPersistenceUnitInfo [main] No LoadTimeWeaver setup: ignoring JPA class transformer
2025-06-21 01:17:54,512 INFO                 com.zaxxer.hikari.HikariDataSource [main] HikariPool-1 - Starting...
2025-06-21 01:17:54,586 INFO                  com.zaxxer.hikari.pool.HikariPool [main] HikariPool-1 - Added connection org.postgresql.jdbc.PgConnection@771cbd13
2025-06-21 01:17:54,587 INFO                 com.zaxxer.hikari.HikariDataSource [main] HikariPool-1 - Start completed.
2025-06-21 01:17:54,625 INFO .engine.jdbc.env.internal.JdbcEnvironmentInitiator [main] HHH10001005: Database info:
	Database JDBC URL [Connecting through datasource 'HikariDataSource (HikariPool-1)']
	Database driver: undefined/unknown
	Database version: 14.13
	Autocommit mode: undefined/unknown
	Isolation level: undefined/unknown
	Minimum pool size: undefined/unknown
	Maximum pool size: undefined/unknown
2025-06-21 01:17:55,011 INFO saction.jta.platform.internal.JtaPlatformInitiator [main] HHH000489: No JTA platform available (set 'hibernate.transaction.jta.platform' to enable JTA platform integration)
2025-06-21 01:17:55,042 INFO framework.orm.jpa.AbstractEntityManagerFactoryBean [main] Initialized JPA EntityManagerFactory for persistence unit 'default'
2025-06-21 01:17:55,224 INFO utoconfigure.web.servlet.WelcomePageHandlerMapping [main] Adding welcome page template: index
2025-06-21 01:17:55,410 INFO               org.apache.juli.logging.DirectJDKLog [main] Starting ProtocolHandler ["http-nio-8080"]
2025-06-21 01:17:55,417 INFO framework.boot.web.embedded.tomcat.TomcatWebServer [main] Tomcat started on port 8080 (http) with context path '/'
2025-06-21 01:17:55,423 INFO         org.springframework.boot.StartupInfoLogger [main] Started UShortApplication in 2.831 seconds (process running for 3.321)
2025-06-21 01:20:07,936 INFO ramework.boot.web.embedded.tomcat.GracefulShutdown [SpringApplicationShutdownHook] Commencing graceful shutdown. Waiting for active requests to complete
2025-06-21 01:20:07,941 INFO ramework.boot.web.embedded.tomcat.GracefulShutdown [tomcat-shutdown] Graceful shutdown complete
2025-06-21 01:20:07,944 INFO framework.orm.jpa.AbstractEntityManagerFactoryBean [SpringApplicationShutdownHook] Closing JPA EntityManagerFactory for persistence unit 'default'
2025-06-21 01:20:07,945 INFO                 com.zaxxer.hikari.HikariDataSource [SpringApplicationShutdownHook] HikariPool-1 - Shutdown initiated...
2025-06-21 01:20:07,946 INFO                 com.zaxxer.hikari.HikariDataSource [SpringApplicationShutdownHook] HikariPool-1 - Shutdown completed.
2025-06-21 01:20:09,311 INFO      org.hibernate.validator.internal.util.Version [background-preinit] HV000001: Hibernate Validator 8.0.2.Final
2025-06-21 01:20:09,330 INFO         org.springframework.boot.StartupInfoLogger [main] Starting UShortApplication using Java 23.0.2 with PID 59667 (/Users/macbookair/real-projects/u-short/target/classes started by macbookair in /Users/macbookair/real-projects/u-short)
2025-06-21 01:20:09,330 INFO         org.springframework.boot.SpringApplication [main] The following 1 profile is active: "dev"
2025-06-21 01:20:09,608 INFO .repository.config.RepositoryConfigurationDelegate [main] Bootstrapping Spring Data JPA repositories in DEFAULT mode.
2025-06-21 01:20:09,627 INFO .repository.config.RepositoryConfigurationDelegate [main] Finished Spring Data repository scanning in 15 ms. Found 1 JPA repository interface.
2025-06-21 01:20:09,828 INFO framework.boot.web.embedded.tomcat.TomcatWebServer [main] Tomcat initialized with port 8080 (http)
2025-06-21 01:20:09,834 INFO               org.apache.juli.logging.DirectJDKLog [main] Initializing ProtocolHandler ["http-nio-8080"]
2025-06-21 01:20:09,835 INFO               org.apache.juli.logging.DirectJDKLog [main] Starting service [Tomcat]
2025-06-21 01:20:09,835 INFO               org.apache.juli.logging.DirectJDKLog [main] Starting Servlet engine: [Apache Tomcat/10.1.42]
2025-06-21 01:20:09,854 INFO               org.apache.juli.logging.DirectJDKLog [main] Initializing Spring embedded WebApplicationContext
2025-06-21 01:20:09,855 INFO servlet.context.ServletWebServerApplicationContext [main] Root WebApplicationContext: initialization completed in 506 ms
2025-06-21 01:20:09,919 INFO          org.hibernate.jpa.internal.util.LogHelper [main] HHH000204: Processing PersistenceUnitInfo [name: default]
2025-06-21 01:20:09,937 INFO                              org.hibernate.Version [main] HHH000412: Hibernate ORM core version 6.6.18.Final
2025-06-21 01:20:09,948 INFO rg.hibernate.cache.internal.RegionFactoryInitiator [main] HHH000026: Second-level cache disabled
2025-06-21 01:20:10,047 INFO .orm.jpa.persistenceunit.SpringPersistenceUnitInfo [main] No LoadTimeWeaver setup: ignoring JPA class transformer
2025-06-21 01:20:10,059 INFO                 com.zaxxer.hikari.HikariDataSource [main] HikariPool-1 - Starting...
2025-06-21 01:20:10,126 INFO                  com.zaxxer.hikari.pool.HikariPool [main] HikariPool-1 - Added connection org.postgresql.jdbc.PgConnection@608f310a
2025-06-21 01:20:10,127 INFO                 com.zaxxer.hikari.HikariDataSource [main] HikariPool-1 - Start completed.
2025-06-21 01:20:10,156 INFO .engine.jdbc.env.internal.JdbcEnvironmentInitiator [main] HHH10001005: Database info:
	Database JDBC URL [Connecting through datasource 'HikariDataSource (HikariPool-1)']
	Database driver: undefined/unknown
	Database version: 14.13
	Autocommit mode: undefined/unknown
	Isolation level: undefined/unknown
	Minimum pool size: undefined/unknown
	Maximum pool size: undefined/unknown
2025-06-21 01:20:10,478 INFO saction.jta.platform.internal.JtaPlatformInitiator [main] HHH000489: No JTA platform available (set 'hibernate.transaction.jta.platform' to enable JTA platform integration)
2025-06-21 01:20:10,506 INFO framework.orm.jpa.AbstractEntityManagerFactoryBean [main] Initialized JPA EntityManagerFactory for persistence unit 'default'
2025-06-21 01:20:10,687 INFO utoconfigure.web.servlet.WelcomePageHandlerMapping [main] Adding welcome page template: index
2025-06-21 01:20:10,886 INFO               org.apache.juli.logging.DirectJDKLog [main] Starting ProtocolHandler ["http-nio-8080"]
2025-06-21 01:20:10,894 INFO framework.boot.web.embedded.tomcat.TomcatWebServer [main] Tomcat started on port 8080 (http) with context path '/'
2025-06-21 01:20:10,900 INFO         org.springframework.boot.StartupInfoLogger [main] Started UShortApplication in 1.789 seconds (process running for 2.3)
2025-06-21 01:20:36,945 INFO               org.apache.juli.logging.DirectJDKLog [http-nio-8080-exec-1] Initializing Spring DispatcherServlet 'dispatcherServlet'
2025-06-21 01:20:36,946 INFO   org.springframework.web.servlet.FrameworkServlet [http-nio-8080-exec-1] Initializing Servlet 'dispatcherServlet'
2025-06-21 01:20:36,947 INFO   org.springframework.web.servlet.FrameworkServlet [http-nio-8080-exec-1] Completed initialization in 1 ms
2025-06-21 01:21:34,479 INFO ramework.boot.web.embedded.tomcat.GracefulShutdown [SpringApplicationShutdownHook] Commencing graceful shutdown. Waiting for active requests to complete
2025-06-21 01:21:34,485 INFO ramework.boot.web.embedded.tomcat.GracefulShutdown [tomcat-shutdown] Graceful shutdown complete
2025-06-21 01:21:34,487 INFO framework.orm.jpa.AbstractEntityManagerFactoryBean [SpringApplicationShutdownHook] Closing JPA EntityManagerFactory for persistence unit 'default'
2025-06-21 01:21:34,488 INFO                 com.zaxxer.hikari.HikariDataSource [SpringApplicationShutdownHook] HikariPool-1 - Shutdown initiated...
2025-06-21 01:21:34,489 INFO                 com.zaxxer.hikari.HikariDataSource [SpringApplicationShutdownHook] HikariPool-1 - Shutdown completed.
